<?xml version="1.0" encoding="UTF-8"?>
<!-- Generated by org.testng.reporters.JUnitReportReporter -->
<testsuite hostname="SachinKiragiPC" failures="0" tests="1" name="com.sgtesting.User.User" time="0.005" errors="0" timestamp="2023-05-01T16:06:11 IST" skipped="0">
  <testcase classname="com.sgtesting.User.User" name="CreateUser" time="0.005"/>
  <system-out/>
</testsuite> <!-- com.sgtesting.User.User -->
